{"C:\\ZehcnasIT\\Poc Pruebas QA\\src\\App.css": {"path":"C:\\ZehcnasIT\\Poc Pruebas QA\\src\\App.css","statementMap":{},"fnMap":{},"branchMap":{},"s":{},"f":{},"b":{},"meta":{"lastBranch":0,"lastFunction":0,"lastStatement":0,"seen":{}}}
,"C:\\ZehcnasIT\\Poc Pruebas QA\\src\\App.tsx": {"path":"C:\\ZehcnasIT\\Poc Pruebas QA\\src\\App.tsx","statementMap":{"0":{"start":{"line":12,"column":28},"end":{"line":12,"column":null}},"1":{"start":{"line":13,"column":24},"end":{"line":13,"column":null}},"2":{"start":{"line":14,"column":36},"end":{"line":14,"column":null}},"3":{"start":{"line":15,"column":28},"end":{"line":15,"column":null}},"4":{"start":{"line":17,"column":23},"end":{"line":46,"column":null}},"5":{"start":{"line":18,"column":4},"end":{"line":18,"column":null}},"6":{"start":{"line":19,"column":4},"end":{"line":19,"column":null}},"7":{"start":{"line":20,"column":4},"end":{"line":20,"column":null}},"8":{"start":{"line":22,"column":4},"end":{"line":45,"column":null}},"9":{"start":{"line":23,"column":21},"end":{"line":23,"column":null}},"10":{"start":{"line":24,"column":6},"end":{"line":28,"column":null}},"11":{"start":{"line":25,"column":8},"end":{"line":25,"column":null}},"12":{"start":{"line":26,"column":8},"end":{"line":26,"column":null}},"13":{"start":{"line":27,"column":8},"end":{"line":27,"column":null}},"14":{"start":{"line":30,"column":6},"end":{"line":30,"column":null}},"15":{"start":{"line":33,"column":26},"end":{"line":33,"column":null}},"16":{"start":{"line":34,"column":6},"end":{"line":38,"column":null}},"17":{"start":{"line":35,"column":8},"end":{"line":35,"column":null}},"18":{"start":{"line":37,"column":8},"end":{"line":37,"column":null}},"19":{"start":{"line":41,"column":6},"end":{"line":41,"column":null}},"20":{"start":{"line":42,"column":6},"end":{"line":42,"column":null}},"21":{"start":{"line":44,"column":6},"end":{"line":44,"column":null}},"22":{"start":{"line":48,"column":22},"end":{"line":52,"column":null}},"23":{"start":{"line":49,"column":4},"end":{"line":49,"column":null}},"24":{"start":{"line":50,"column":4},"end":{"line":50,"column":null}},"25":{"start":{"line":51,"column":4},"end":{"line":51,"column":null}},"26":{"start":{"line":54,"column":2},"end":{"line":86,"column":null}}},"fnMap":{"0":{"name":"App","decl":{"start":{"line":11,"column":9},"end":{"line":11,"column":15}},"loc":{"start":{"line":11,"column":15},"end":{"line":88,"column":null}},"line":11},"1":{"name":"(anonymous_1)","decl":{"start":{"line":17,"column":23},"end":{"line":17,"column":30}},"loc":{"start":{"line":17,"column":47},"end":{"line":46,"column":null}},"line":17},"2":{"name":"(anonymous_2)","decl":{"start":{"line":48,"column":22},"end":{"line":48,"column":28}},"loc":{"start":{"line":48,"column":28},"end":{"line":52,"column":null}},"line":48}},"branchMap":{"0":{"loc":{"start":{"line":24,"column":6},"end":{"line":28,"column":null}},"type":"if","locations":[{"start":{"line":24,"column":6},"end":{"line":28,"column":null}},{"start":{},"end":{}}],"line":24},"1":{"loc":{"start":{"line":34,"column":6},"end":{"line":38,"column":null}},"type":"if","locations":[{"start":{"line":34,"column":6},"end":{"line":38,"column":null}},{"start":{"line":36,"column":13},"end":{"line":38,"column":null}}],"line":34},"2":{"loc":{"start":{"line":64,"column":9},"end":{"line":64,"column":null}},"type":"binary-expr","locations":[{"start":{"line":64,"column":9},"end":{"line":64,"column":18}},{"start":{"line":64,"column":18},"end":{"line":64,"column":null}}],"line":64},"3":{"loc":{"start":{"line":66,"column":9},"end":{"line":83,"column":null}},"type":"binary-expr","locations":[{"start":{"line":66,"column":9},"end":{"line":66,"column":null}},{"start":{"line":67,"column":10},"end":{"line":83,"column":null}}],"line":66},"4":{"loc":{"start":{"line":75,"column":13},"end":{"line":81,"column":null}},"type":"binary-expr","locations":[{"start":{"line":75,"column":13},"end":{"line":75,"column":null}},{"start":{"line":76,"column":14},"end":{"line":81,"column":null}}],"line":75}},"s":{"0":22,"1":22,"2":22,"3":22,"4":22,"5":6,"6":6,"7":6,"8":6,"9":6,"10":5,"11":1,"12":1,"13":1,"14":4,"15":4,"16":4,"17":3,"18":1,"19":1,"20":1,"21":6,"22":22,"23":1,"24":1,"25":1,"26":22},"f":{"0":22,"1":6,"2":1},"b":{"0":[1,4],"1":[3,1],"2":[22,3],"3":[22,4],"4":[4,3]},"meta":{"lastBranch":5,"lastFunction":3,"lastStatement":27,"seen":{"f:11:9:11:15":0,"s:12:28:12:Infinity":0,"s:13:24:13:Infinity":1,"s:14:36:14:Infinity":2,"s:15:28:15:Infinity":3,"s:17:23:46:Infinity":4,"f:17:23:17:30":1,"s:18:4:18:Infinity":5,"s:19:4:19:Infinity":6,"s:20:4:20:Infinity":7,"s:22:4:45:Infinity":8,"s:23:21:23:Infinity":9,"b:24:6:28:Infinity:undefined:undefined:undefined:undefined":0,"s:24:6:28:Infinity":10,"s:25:8:25:Infinity":11,"s:26:8:26:Infinity":12,"s:27:8:27:Infinity":13,"s:30:6:30:Infinity":14,"s:33:26:33:Infinity":15,"b:34:6:38:Infinity:36:13:38:Infinity":1,"s:34:6:38:Infinity":16,"s:35:8:35:Infinity":17,"s:37:8:37:Infinity":18,"s:41:6:41:Infinity":19,"s:42:6:42:Infinity":20,"s:44:6:44:Infinity":21,"s:48:22:52:Infinity":22,"f:48:22:48:28":2,"s:49:4:49:Infinity":23,"s:50:4:50:Infinity":24,"s:51:4:51:Infinity":25,"s:54:2:86:Infinity":26,"b:64:9:64:18:64:18:64:Infinity":2,"b:66:9:66:Infinity:67:10:83:Infinity":3,"b:75:13:75:Infinity:76:14:81:Infinity":4}}}
,"C:\\ZehcnasIT\\Poc Pruebas QA\\src\\components\\AnimatedBackground.css": {"path":"C:\\ZehcnasIT\\Poc Pruebas QA\\src\\components\\AnimatedBackground.css","statementMap":{},"fnMap":{},"branchMap":{},"s":{},"f":{},"b":{},"meta":{"lastBranch":0,"lastFunction":0,"lastStatement":0,"seen":{}}}
,"C:\\ZehcnasIT\\Poc Pruebas QA\\src\\components\\AnimatedBackground.tsx": {"path":"C:\\ZehcnasIT\\Poc Pruebas QA\\src\\components\\AnimatedBackground.tsx","statementMap":{"0":{"start":{"line":4,"column":15},"end":{"line":9,"column":null}},"1":{"start":{"line":11,"column":37},"end":{"line":34,"column":null}},"2":{"start":{"line":12,"column":40},"end":{"line":12,"column":null}},"3":{"start":{"line":14,"column":4},"end":{"line":20,"column":null}},"4":{"start":{"line":15,"column":25},"end":{"line":17,"column":null}},"5":{"start":{"line":16,"column":12},"end":{"line":16,"column":null}},"6":{"start":{"line":16,"column":29},"end":{"line":16,"column":64}},"7":{"start":{"line":19,"column":8},"end":{"line":19,"column":null}},"8":{"start":{"line":19,"column":21},"end":{"line":19,"column":null}},"9":{"start":{"line":22,"column":4},"end":{"line":32,"column":null}},"10":{"start":{"line":25,"column":16},"end":{"line":29,"column":null}}},"fnMap":{"0":{"name":"(anonymous_0)","decl":{"start":{"line":11,"column":37},"end":{"line":11,"column":43}},"loc":{"start":{"line":11,"column":43},"end":{"line":34,"column":null}},"line":11},"1":{"name":"(anonymous_1)","decl":{"start":{"line":14,"column":14},"end":{"line":14,"column":20}},"loc":{"start":{"line":14,"column":20},"end":{"line":20,"column":7}},"line":14},"2":{"name":"(anonymous_2)","decl":{"start":{"line":15,"column":37},"end":{"line":15,"column":43}},"loc":{"start":{"line":15,"column":43},"end":{"line":17,"column":11}},"line":15},"3":{"name":"(anonymous_3)","decl":{"start":{"line":16,"column":28},"end":{"line":16,"column":29}},"loc":{"start":{"line":16,"column":29},"end":{"line":16,"column":64}},"line":16},"4":{"name":"(anonymous_4)","decl":{"start":{"line":19,"column":15},"end":{"line":19,"column":21}},"loc":{"start":{"line":19,"column":21},"end":{"line":19,"column":null}},"line":19},"5":{"name":"(anonymous_5)","decl":{"start":{"line":24,"column":24},"end":{"line":24,"column":25}},"loc":{"start":{"line":25,"column":16},"end":{"line":29,"column":null}},"line":25}},"branchMap":{"0":{"loc":{"start":{"line":27,"column":43},"end":{"line":27,"column":81}},"type":"cond-expr","locations":[{"start":{"line":27,"column":68},"end":{"line":27,"column":79}},{"start":{"line":27,"column":79},"end":{"line":27,"column":81}}],"line":27}},"s":{"0":1,"1":1,"2":5,"3":5,"4":5,"5":1,"6":1,"7":5,"8":5,"9":5,"10":20},"f":{"0":5,"1":5,"2":1,"3":1,"4":5,"5":20},"b":{"0":[5,15]},"meta":{"lastBranch":1,"lastFunction":6,"lastStatement":11,"seen":{"s:4:15:9:Infinity":0,"s:11:37:34:Infinity":1,"f:11:37:11:43":0,"s:12:40:12:Infinity":2,"s:14:4:20:Infinity":3,"f:14:14:14:20":1,"s:15:25:17:Infinity":4,"f:15:37:15:43":2,"s:16:12:16:Infinity":5,"f:16:28:16:29":3,"s:16:29:16:64":6,"s:19:8:19:Infinity":7,"f:19:15:19:21":4,"s:19:21:19:Infinity":8,"s:22:4:32:Infinity":9,"f:24:24:24:25":5,"s:25:16:29:Infinity":10,"b:27:68:27:79:27:79:27:81":0}}}
,"C:\\ZehcnasIT\\Poc Pruebas QA\\src\\components\\EnvironmentBanner.css": {"path":"C:\\ZehcnasIT\\Poc Pruebas QA\\src\\components\\EnvironmentBanner.css","statementMap":{},"fnMap":{},"branchMap":{},"s":{},"f":{},"b":{},"meta":{"lastBranch":0,"lastFunction":0,"lastStatement":0,"seen":{}}}
,"C:\\ZehcnasIT\\Poc Pruebas QA\\src\\components\\EnvironmentBanner.tsx": {"path":"C:\\ZehcnasIT\\Poc Pruebas QA\\src\\components\\EnvironmentBanner.tsx","statementMap":{"0":{"start":{"line":3,"column":26},"end":{"line":21,"column":null}},"1":{"start":{"line":4,"column":21},"end":{"line":4,"column":null}},"2":{"start":{"line":6,"column":4},"end":{"line":6,"column":null}},"3":{"start":{"line":6,"column":19},"end":{"line":6,"column":null}},"4":{"start":{"line":9,"column":31},"end":{"line":14,"column":null}},"5":{"start":{"line":10,"column":22},"end":{"line":10,"column":null}},"6":{"start":{"line":11,"column":8},"end":{"line":11,"column":null}},"7":{"start":{"line":11,"column":35},"end":{"line":11,"column":null}},"8":{"start":{"line":12,"column":8},"end":{"line":12,"column":null}},"9":{"start":{"line":12,"column":34},"end":{"line":12,"column":null}},"10":{"start":{"line":13,"column":8},"end":{"line":13,"column":null}},"11":{"start":{"line":16,"column":4},"end":{"line":19,"column":null}}},"fnMap":{"0":{"name":"(anonymous_0)","decl":{"start":{"line":3,"column":26},"end":{"line":3,"column":32}},"loc":{"start":{"line":3,"column":32},"end":{"line":21,"column":null}},"line":3},"1":{"name":"(anonymous_1)","decl":{"start":{"line":9,"column":31},"end":{"line":9,"column":37}},"loc":{"start":{"line":9,"column":37},"end":{"line":14,"column":null}},"line":9}},"branchMap":{"0":{"loc":{"start":{"line":6,"column":4},"end":{"line":6,"column":null}},"type":"if","locations":[{"start":{"line":6,"column":4},"end":{"line":6,"column":null}},{"start":{},"end":{}}],"line":6},"1":{"loc":{"start":{"line":11,"column":8},"end":{"line":11,"column":null}},"type":"if","locations":[{"start":{"line":11,"column":8},"end":{"line":11,"column":null}},{"start":{},"end":{}}],"line":11},"2":{"loc":{"start":{"line":12,"column":8},"end":{"line":12,"column":null}},"type":"if","locations":[{"start":{"line":12,"column":8},"end":{"line":12,"column":null}},{"start":{},"end":{}}],"line":12}},"s":{"0":2,"1":26,"2":26,"3":1,"4":25,"5":25,"6":25,"7":23,"8":2,"9":2,"10":1,"11":25},"f":{"0":26,"1":25},"b":{"0":[1,25],"1":[23,2],"2":[1,1]},"meta":{"lastBranch":3,"lastFunction":2,"lastStatement":12,"seen":{"s:3:26:21:Infinity":0,"f:3:26:3:32":0,"s:4:21:4:Infinity":1,"b:6:4:6:Infinity:undefined:undefined:undefined:undefined":0,"s:6:4:6:Infinity":2,"s:6:19:6:Infinity":3,"s:9:31:14:Infinity":4,"f:9:31:9:37":1,"s:10:22:10:Infinity":5,"b:11:8:11:Infinity:undefined:undefined:undefined:undefined":1,"s:11:8:11:Infinity":6,"s:11:35:11:Infinity":7,"b:12:8:12:Infinity:undefined:undefined:undefined:undefined":2,"s:12:8:12:Infinity":8,"s:12:34:12:Infinity":9,"s:13:8:13:Infinity":10,"s:16:4:19:Infinity":11}}}
,"C:\\ZehcnasIT\\Poc Pruebas QA\\src\\components\\MapView.css": {"path":"C:\\ZehcnasIT\\Poc Pruebas QA\\src\\components\\MapView.css","statementMap":{},"fnMap":{},"branchMap":{},"s":{},"f":{},"b":{},"meta":{"lastBranch":0,"lastFunction":0,"lastStatement":0,"seen":{}}}
,"C:\\ZehcnasIT\\Poc Pruebas QA\\src\\components\\MapView.tsx": {"path":"C:\\ZehcnasIT\\Poc Pruebas QA\\src\\components\\MapView.tsx","statementMap":{"0":{"start":{"line":12,"column":20},"end":{"line":17,"column":null}},"1":{"start":{"line":19,"column":0},"end":{"line":19,"column":null}},"2":{"start":{"line":28,"column":22},"end":{"line":37,"column":null}},"3":{"start":{"line":29,"column":10},"end":{"line":29,"column":null}},"4":{"start":{"line":30,"column":4},"end":{"line":35,"column":null}},"5":{"start":{"line":31,"column":8},"end":{"line":31,"column":null}},"6":{"start":{"line":32,"column":8},"end":{"line":34,"column":null}},"7":{"start":{"line":36,"column":4},"end":{"line":36,"column":null}},"8":{"start":{"line":39,"column":40},"end":{"line":82,"column":null}},"9":{"start":{"line":40,"column":39},"end":{"line":40,"column":null}},"10":{"start":{"line":42,"column":48},"end":{"line":42,"column":null}},"11":{"start":{"line":44,"column":4},"end":{"line":80,"column":null}}},"fnMap":{"0":{"name":"(anonymous_0)","decl":{"start":{"line":28,"column":22},"end":{"line":28,"column":23}},"loc":{"start":{"line":28,"column":70},"end":{"line":37,"column":null}},"line":28},"1":{"name":"(anonymous_1)","decl":{"start":{"line":30,"column":14},"end":{"line":30,"column":20}},"loc":{"start":{"line":30,"column":20},"end":{"line":35,"column":7}},"line":30},"2":{"name":"(anonymous_2)","decl":{"start":{"line":39,"column":40},"end":{"line":39,"column":41}},"loc":{"start":{"line":39,"column":64},"end":{"line":82,"column":null}},"line":39}},"branchMap":{},"s":{"0":1,"1":1,"2":1,"3":4,"4":4,"5":4,"6":4,"7":4,"8":1,"9":4,"10":4,"11":4},"f":{"0":4,"1":4,"2":4},"b":{},"meta":{"lastBranch":0,"lastFunction":3,"lastStatement":12,"seen":{"s:12:20:17:Infinity":0,"s:19:0:19:Infinity":1,"s:28:22:37:Infinity":2,"f:28:22:28:23":0,"s:29:10:29:Infinity":3,"s:30:4:35:Infinity":4,"f:30:14:30:20":1,"s:31:8:31:Infinity":5,"s:32:8:34:Infinity":6,"s:36:4:36:Infinity":7,"s:39:40:82:Infinity":8,"f:39:40:39:41":2,"s:40:39:40:Infinity":9,"s:42:48:42:Infinity":10,"s:44:4:80:Infinity":11}}}
,"C:\\ZehcnasIT\\Poc Pruebas QA\\src\\components\\SearchBar.css": {"path":"C:\\ZehcnasIT\\Poc Pruebas QA\\src\\components\\SearchBar.css","statementMap":{},"fnMap":{},"branchMap":{},"s":{},"f":{},"b":{},"meta":{"lastBranch":0,"lastFunction":0,"lastStatement":0,"seen":{}}}
,"C:\\ZehcnasIT\\Poc Pruebas QA\\src\\components\\SearchBar.tsx": {"path":"C:\\ZehcnasIT\\Poc Pruebas QA\\src\\components\\SearchBar.tsx","statementMap":{"0":{"start":{"line":10,"column":44},"end":{"line":42,"column":null}},"1":{"start":{"line":11,"column":26},"end":{"line":11,"column":null}},"2":{"start":{"line":13,"column":25},"end":{"line":18,"column":null}},"3":{"start":{"line":14,"column":8},"end":{"line":14,"column":null}},"4":{"start":{"line":15,"column":8},"end":{"line":17,"column":null}},"5":{"start":{"line":16,"column":12},"end":{"line":16,"column":null}},"6":{"start":{"line":20,"column":24},"end":{"line":23,"column":null}},"7":{"start":{"line":21,"column":8},"end":{"line":21,"column":null}},"8":{"start":{"line":22,"column":8},"end":{"line":22,"column":null}},"9":{"start":{"line":25,"column":4},"end":{"line":40,"column":null}},"10":{"start":{"line":30,"column":33},"end":{"line":30,"column":null}}},"fnMap":{"0":{"name":"(anonymous_0)","decl":{"start":{"line":10,"column":44},"end":{"line":10,"column":45}},"loc":{"start":{"line":10,"column":82},"end":{"line":42,"column":null}},"line":10},"1":{"name":"(anonymous_1)","decl":{"start":{"line":13,"column":25},"end":{"line":13,"column":26}},"loc":{"start":{"line":13,"column":49},"end":{"line":18,"column":null}},"line":13},"2":{"name":"(anonymous_2)","decl":{"start":{"line":20,"column":24},"end":{"line":20,"column":30}},"loc":{"start":{"line":20,"column":30},"end":{"line":23,"column":null}},"line":20},"3":{"name":"(anonymous_3)","decl":{"start":{"line":30,"column":26},"end":{"line":30,"column":27}},"loc":{"start":{"line":30,"column":33},"end":{"line":30,"column":null}},"line":30}},"branchMap":{"0":{"loc":{"start":{"line":15,"column":8},"end":{"line":17,"column":null}},"type":"if","locations":[{"start":{"line":15,"column":8},"end":{"line":17,"column":null}},{"start":{},"end":{}}],"line":15},"1":{"loc":{"start":{"line":34,"column":44},"end":{"line":34,"column":null}},"type":"binary-expr","locations":[{"start":{"line":34,"column":44},"end":{"line":34,"column":57}},{"start":{"line":34,"column":57},"end":{"line":34,"column":null}}],"line":34},"2":{"loc":{"start":{"line":35,"column":17},"end":{"line":35,"column":null}},"type":"cond-expr","locations":[{"start":{"line":35,"column":29},"end":{"line":35,"column":37}},{"start":{"line":35,"column":37},"end":{"line":35,"column":null}}],"line":35}},"s":{"0":2,"1":73,"2":73,"3":7,"4":7,"5":7,"6":73,"7":2,"8":2,"9":73,"10":46},"f":{"0":73,"1":7,"2":2,"3":46},"b":{"0":[7,0],"1":[73,66],"2":[7,66]},"meta":{"lastBranch":3,"lastFunction":4,"lastStatement":11,"seen":{"s:10:44:42:Infinity":0,"f:10:44:10:45":0,"s:11:26:11:Infinity":1,"s:13:25:18:Infinity":2,"f:13:25:13:26":1,"s:14:8:14:Infinity":3,"b:15:8:17:Infinity:undefined:undefined:undefined:undefined":0,"s:15:8:17:Infinity":4,"s:16:12:16:Infinity":5,"s:20:24:23:Infinity":6,"f:20:24:20:30":2,"s:21:8:21:Infinity":7,"s:22:8:22:Infinity":8,"s:25:4:40:Infinity":9,"f:30:26:30:27":3,"s:30:33:30:Infinity":10,"b:34:44:34:57:34:57:34:Infinity":1,"b:35:29:35:37:35:37:35:Infinity":2}}}
,"C:\\ZehcnasIT\\Poc Pruebas QA\\src\\components\\WeatherCard.css": {"path":"C:\\ZehcnasIT\\Poc Pruebas QA\\src\\components\\WeatherCard.css","statementMap":{},"fnMap":{},"branchMap":{},"s":{},"f":{},"b":{},"meta":{"lastBranch":0,"lastFunction":0,"lastStatement":0,"seen":{}}}
,"C:\\ZehcnasIT\\Poc Pruebas QA\\src\\components\\WeatherCard.tsx": {"path":"C:\\ZehcnasIT\\Poc Pruebas QA\\src\\components\\WeatherCard.tsx","statementMap":{"0":{"start":{"line":11,"column":30},"end":{"line":21,"column":null}},"1":{"start":{"line":12,"column":4},"end":{"line":12,"column":null}},"2":{"start":{"line":12,"column":20},"end":{"line":12,"column":null}},"3":{"start":{"line":13,"column":4},"end":{"line":13,"column":null}},"4":{"start":{"line":13,"column":32},"end":{"line":13,"column":null}},"5":{"start":{"line":14,"column":4},"end":{"line":14,"column":null}},"6":{"start":{"line":14,"column":34},"end":{"line":14,"column":null}},"7":{"start":{"line":15,"column":4},"end":{"line":15,"column":null}},"8":{"start":{"line":15,"column":34},"end":{"line":15,"column":null}},"9":{"start":{"line":16,"column":4},"end":{"line":16,"column":null}},"10":{"start":{"line":16,"column":34},"end":{"line":16,"column":null}},"11":{"start":{"line":17,"column":4},"end":{"line":17,"column":null}},"12":{"start":{"line":17,"column":34},"end":{"line":17,"column":null}},"13":{"start":{"line":18,"column":4},"end":{"line":18,"column":null}},"14":{"start":{"line":18,"column":34},"end":{"line":18,"column":null}},"15":{"start":{"line":19,"column":4},"end":{"line":19,"column":null}},"16":{"start":{"line":19,"column":34},"end":{"line":19,"column":null}},"17":{"start":{"line":20,"column":4},"end":{"line":20,"column":null}},"18":{"start":{"line":23,"column":48},"end":{"line":43,"column":null}},"19":{"start":{"line":24,"column":4},"end":{"line":41,"column":null}}},"fnMap":{"0":{"name":"(anonymous_0)","decl":{"start":{"line":11,"column":30},"end":{"line":11,"column":31}},"loc":{"start":{"line":11,"column":56},"end":{"line":21,"column":null}},"line":11},"1":{"name":"(anonymous_1)","decl":{"start":{"line":23,"column":48},"end":{"line":23,"column":49}},"loc":{"start":{"line":23,"column":68},"end":{"line":43,"column":null}},"line":23}},"branchMap":{"0":{"loc":{"start":{"line":12,"column":4},"end":{"line":12,"column":null}},"type":"if","locations":[{"start":{"line":12,"column":4},"end":{"line":12,"column":null}},{"start":{},"end":{}}],"line":12},"1":{"loc":{"start":{"line":13,"column":4},"end":{"line":13,"column":null}},"type":"if","locations":[{"start":{"line":13,"column":4},"end":{"line":13,"column":null}},{"start":{},"end":{}}],"line":13},"2":{"loc":{"start":{"line":13,"column":8},"end":{"line":13,"column":32}},"type":"binary-expr","locations":[{"start":{"line":13,"column":8},"end":{"line":13,"column":21}},{"start":{"line":13,"column":21},"end":{"line":13,"column":32}}],"line":13},"3":{"loc":{"start":{"line":14,"column":4},"end":{"line":14,"column":null}},"type":"if","locations":[{"start":{"line":14,"column":4},"end":{"line":14,"column":null}},{"start":{},"end":{}}],"line":14},"4":{"loc":{"start":{"line":14,"column":8},"end":{"line":14,"column":34}},"type":"binary-expr","locations":[{"start":{"line":14,"column":8},"end":{"line":14,"column":22}},{"start":{"line":14,"column":22},"end":{"line":14,"column":34}}],"line":14},"5":{"loc":{"start":{"line":15,"column":4},"end":{"line":15,"column":null}},"type":"if","locations":[{"start":{"line":15,"column":4},"end":{"line":15,"column":null}},{"start":{},"end":{}}],"line":15},"6":{"loc":{"start":{"line":15,"column":8},"end":{"line":15,"column":34}},"type":"binary-expr","locations":[{"start":{"line":15,"column":8},"end":{"line":15,"column":22}},{"start":{"line":15,"column":22},"end":{"line":15,"column":34}}],"line":15},"7":{"loc":{"start":{"line":16,"column":4},"end":{"line":16,"column":null}},"type":"if","locations":[{"start":{"line":16,"column":4},"end":{"line":16,"column":null}},{"start":{},"end":{}}],"line":16},"8":{"loc":{"start":{"line":16,"column":8},"end":{"line":16,"column":34}},"type":"binary-expr","locations":[{"start":{"line":16,"column":8},"end":{"line":16,"column":22}},{"start":{"line":16,"column":22},"end":{"line":16,"column":34}}],"line":16},"9":{"loc":{"start":{"line":17,"column":4},"end":{"line":17,"column":null}},"type":"if","locations":[{"start":{"line":17,"column":4},"end":{"line":17,"column":null}},{"start":{},"end":{}}],"line":17},"10":{"loc":{"start":{"line":17,"column":8},"end":{"line":17,"column":34}},"type":"binary-expr","locations":[{"start":{"line":17,"column":8},"end":{"line":17,"column":22}},{"start":{"line":17,"column":22},"end":{"line":17,"column":34}}],"line":17},"11":{"loc":{"start":{"line":18,"column":4},"end":{"line":18,"column":null}},"type":"if","locations":[{"start":{"line":18,"column":4},"end":{"line":18,"column":null}},{"start":{},"end":{}}],"line":18},"12":{"loc":{"start":{"line":18,"column":8},"end":{"line":18,"column":34}},"type":"binary-expr","locations":[{"start":{"line":18,"column":8},"end":{"line":18,"column":22}},{"start":{"line":18,"column":22},"end":{"line":18,"column":34}}],"line":18},"13":{"loc":{"start":{"line":19,"column":4},"end":{"line":19,"column":null}},"type":"if","locations":[{"start":{"line":19,"column":4},"end":{"line":19,"column":null}},{"start":{},"end":{}}],"line":19},"14":{"loc":{"start":{"line":19,"column":8},"end":{"line":19,"column":34}},"type":"binary-expr","locations":[{"start":{"line":19,"column":8},"end":{"line":19,"column":22}},{"start":{"line":19,"column":22},"end":{"line":19,"column":34}}],"line":19}},"s":{"0":2,"1":8,"2":3,"3":5,"4":3,"5":2,"6":0,"7":2,"8":0,"9":2,"10":1,"11":1,"12":0,"13":1,"14":0,"15":1,"16":0,"17":1,"18":2,"19":8},"f":{"0":8,"1":8},"b":{"0":[3,5],"1":[3,2],"2":[5,5],"3":[0,2],"4":[2,2],"5":[0,2],"6":[2,2],"7":[1,1],"8":[2,2],"9":[0,1],"10":[1,1],"11":[0,1],"12":[1,1],"13":[0,1],"14":[1,1]},"meta":{"lastBranch":15,"lastFunction":2,"lastStatement":20,"seen":{"s:11:30:21:Infinity":0,"f:11:30:11:31":0,"b:12:4:12:Infinity:undefined:undefined:undefined:undefined":0,"s:12:4:12:Infinity":1,"s:12:20:12:Infinity":2,"b:13:4:13:Infinity:undefined:undefined:undefined:undefined":1,"s:13:4:13:Infinity":3,"b:13:8:13:21:13:21:13:32":2,"s:13:32:13:Infinity":4,"b:14:4:14:Infinity:undefined:undefined:undefined:undefined":3,"s:14:4:14:Infinity":5,"b:14:8:14:22:14:22:14:34":4,"s:14:34:14:Infinity":6,"b:15:4:15:Infinity:undefined:undefined:undefined:undefined":5,"s:15:4:15:Infinity":7,"b:15:8:15:22:15:22:15:34":6,"s:15:34:15:Infinity":8,"b:16:4:16:Infinity:undefined:undefined:undefined:undefined":7,"s:16:4:16:Infinity":9,"b:16:8:16:22:16:22:16:34":8,"s:16:34:16:Infinity":10,"b:17:4:17:Infinity:undefined:undefined:undefined:undefined":9,"s:17:4:17:Infinity":11,"b:17:8:17:22:17:22:17:34":10,"s:17:34:17:Infinity":12,"b:18:4:18:Infinity:undefined:undefined:undefined:undefined":11,"s:18:4:18:Infinity":13,"b:18:8:18:22:18:22:18:34":12,"s:18:34:18:Infinity":14,"b:19:4:19:Infinity:undefined:undefined:undefined:undefined":13,"s:19:4:19:Infinity":15,"b:19:8:19:22:19:22:19:34":14,"s:19:34:19:Infinity":16,"s:20:4:20:Infinity":17,"s:23:48:43:Infinity":18,"f:23:48:23:49":1,"s:24:4:41:Infinity":19}}}
,"C:\\ZehcnasIT\\Poc Pruebas QA\\src\\services\\api.ts": {"path":"C:\\ZehcnasIT\\Poc Pruebas QA\\src\\services\\api.ts","statementMap":{"0":{"start":{"line":14,"column":30},"end":{"line":43,"column":null}},"1":{"start":{"line":15,"column":2},"end":{"line":42,"column":null}},"2":{"start":{"line":16,"column":21},"end":{"line":18,"column":null}},"3":{"start":{"line":20,"column":4},"end":{"line":23,"column":null}},"4":{"start":{"line":21,"column":6},"end":{"line":21,"column":null}},"5":{"start":{"line":22,"column":6},"end":{"line":22,"column":null}},"6":{"start":{"line":25,"column":17},"end":{"line":25,"column":null}},"7":{"start":{"line":27,"column":4},"end":{"line":30,"column":null}},"8":{"start":{"line":28,"column":6},"end":{"line":28,"column":null}},"9":{"start":{"line":29,"column":6},"end":{"line":29,"column":null}},"10":{"start":{"line":32,"column":19},"end":{"line":32,"column":null}},"11":{"start":{"line":33,"column":4},"end":{"line":38,"column":null}},"12":{"start":{"line":40,"column":4},"end":{"line":40,"column":null}},"13":{"start":{"line":41,"column":4},"end":{"line":41,"column":null}},"14":{"start":{"line":45,"column":26},"end":{"line":65,"column":null}},"15":{"start":{"line":46,"column":2},"end":{"line":64,"column":null}},"16":{"start":{"line":47,"column":21},"end":{"line":49,"column":null}},"17":{"start":{"line":50,"column":17},"end":{"line":50,"column":null}},"18":{"start":{"line":52,"column":4},"end":{"line":54,"column":null}},"19":{"start":{"line":53,"column":6},"end":{"line":53,"column":null}},"20":{"start":{"line":56,"column":4},"end":{"line":60,"column":null}},"21":{"start":{"line":62,"column":4},"end":{"line":62,"column":null}},"22":{"start":{"line":63,"column":4},"end":{"line":63,"column":null}}},"fnMap":{"0":{"name":"(anonymous_0)","decl":{"start":{"line":14,"column":30},"end":{"line":14,"column":37}},"loc":{"start":{"line":14,"column":87},"end":{"line":43,"column":null}},"line":14},"1":{"name":"(anonymous_1)","decl":{"start":{"line":45,"column":26},"end":{"line":45,"column":33}},"loc":{"start":{"line":45,"column":91},"end":{"line":65,"column":null}},"line":45}},"branchMap":{"0":{"loc":{"start":{"line":20,"column":4},"end":{"line":23,"column":null}},"type":"if","locations":[{"start":{"line":20,"column":4},"end":{"line":23,"column":null}},{"start":{},"end":{}}],"line":20},"1":{"loc":{"start":{"line":27,"column":4},"end":{"line":30,"column":null}},"type":"if","locations":[{"start":{"line":27,"column":4},"end":{"line":30,"column":null}},{"start":{},"end":{}}],"line":27},"2":{"loc":{"start":{"line":27,"column":8},"end":{"line":27,"column":52}},"type":"binary-expr","locations":[{"start":{"line":27,"column":8},"end":{"line":27,"column":25}},{"start":{"line":27,"column":25},"end":{"line":27,"column":52}}],"line":27},"3":{"loc":{"start":{"line":52,"column":4},"end":{"line":54,"column":null}},"type":"if","locations":[{"start":{"line":52,"column":4},"end":{"line":54,"column":null}},{"start":{},"end":{}}],"line":52}},"s":{"0":1,"1":3,"2":3,"3":2,"4":0,"5":0,"6":2,"7":2,"8":1,"9":1,"10":1,"11":1,"12":1,"13":1,"14":1,"15":3,"16":3,"17":2,"18":2,"19":1,"20":1,"21":1,"22":1},"f":{"0":3,"1":3},"b":{"0":[0,2],"1":[1,1],"2":[2,2],"3":[1,1]},"meta":{"lastBranch":4,"lastFunction":2,"lastStatement":23,"seen":{"s:14:30:43:Infinity":0,"f:14:30:14:37":0,"s:15:2:42:Infinity":1,"s:16:21:18:Infinity":2,"b:20:4:23:Infinity:undefined:undefined:undefined:undefined":0,"s:20:4:23:Infinity":3,"s:21:6:21:Infinity":4,"s:22:6:22:Infinity":5,"s:25:17:25:Infinity":6,"b:27:4:30:Infinity:undefined:undefined:undefined:undefined":1,"s:27:4:30:Infinity":7,"b:27:8:27:25:27:25:27:52":2,"s:28:6:28:Infinity":8,"s:29:6:29:Infinity":9,"s:32:19:32:Infinity":10,"s:33:4:38:Infinity":11,"s:40:4:40:Infinity":12,"s:41:4:41:Infinity":13,"s:45:26:65:Infinity":14,"f:45:26:45:33":1,"s:46:2:64:Infinity":15,"s:47:21:49:Infinity":16,"s:50:17:50:Infinity":17,"b:52:4:54:Infinity:undefined:undefined:undefined:undefined":3,"s:52:4:54:Infinity":18,"s:53:6:53:Infinity":19,"s:56:4:60:Infinity":20,"s:62:4:62:Infinity":21,"s:63:4:63:Infinity":22}}}
}
