TN:
SF:src\App.css
FNF:0
FNH:0
LF:0
LH:0
BRF:0
BRH:0
end_of_record
TN:
SF:src\App.tsx
FN:11,App
FN:17,(anonymous_1)
FN:48,(anonymous_2)
FNF:3
FNH:3
FNDA:22,App
FNDA:6,(anonymous_1)
FNDA:1,(anonymous_2)
DA:12,22
DA:13,22
DA:14,22
DA:15,22
DA:17,22
DA:18,6
DA:19,6
DA:20,6
DA:22,6
DA:23,6
DA:24,5
DA:25,1
DA:26,1
DA:27,1
DA:30,4
DA:33,4
DA:34,4
DA:35,3
DA:37,1
DA:41,1
DA:42,1
DA:44,6
DA:48,22
DA:49,1
DA:50,1
DA:51,1
DA:54,22
LF:27
LH:27
BRDA:24,0,0,1
BRDA:24,0,1,4
BRDA:34,1,0,3
BRDA:34,1,1,1
BRDA:64,2,0,22
BRDA:64,2,1,3
BRDA:66,3,0,22
BRDA:66,3,1,4
BRDA:75,4,0,4
BRDA:75,4,1,3
BRF:10
BRH:10
end_of_record
TN:
SF:src\components\AnimatedBackground.css
FNF:0
FNH:0
LF:0
LH:0
BRF:0
BRH:0
end_of_record
TN:
SF:src\components\AnimatedBackground.tsx
FN:11,(anonymous_0)
FN:14,(anonymous_1)
FN:15,(anonymous_2)
FN:16,(anonymous_3)
FN:19,(anonymous_4)
FN:24,(anonymous_5)
FNF:6
FNH:6
FNDA:5,(anonymous_0)
FNDA:5,(anonymous_1)
FNDA:1,(anonymous_2)
FNDA:1,(anonymous_3)
FNDA:5,(anonymous_4)
FNDA:20,(anonymous_5)
DA:4,1
DA:11,1
DA:12,5
DA:14,5
DA:15,5
DA:16,1
DA:19,5
DA:22,5
DA:25,20
LF:9
LH:9
BRDA:27,0,0,5
BRDA:27,0,1,15
BRF:2
BRH:2
end_of_record
TN:
SF:src\components\EnvironmentBanner.css
FNF:0
FNH:0
LF:0
LH:0
BRF:0
BRH:0
end_of_record
TN:
SF:src\components\EnvironmentBanner.tsx
FN:3,(anonymous_0)
FN:9,(anonymous_1)
FNF:2
FNH:2
FNDA:26,(anonymous_0)
FNDA:25,(anonymous_1)
DA:3,2
DA:4,26
DA:6,26
DA:9,25
DA:10,25
DA:11,25
DA:12,2
DA:13,1
DA:16,25
LF:9
LH:9
BRDA:6,0,0,1
BRDA:6,0,1,25
BRDA:11,1,0,23
BRDA:11,1,1,2
BRDA:12,2,0,1
BRDA:12,2,1,1
BRF:6
BRH:6
end_of_record
TN:
SF:src\components\MapView.css
FNF:0
FNH:0
LF:0
LH:0
BRF:0
BRH:0
end_of_record
TN:
SF:src\components\MapView.tsx
FN:28,(anonymous_0)
FN:30,(anonymous_1)
FN:39,(anonymous_2)
FNF:3
FNH:3
FNDA:4,(anonymous_0)
FNDA:4,(anonymous_1)
FNDA:4,(anonymous_2)
DA:12,1
DA:19,1
DA:28,1
DA:29,4
DA:30,4
DA:31,4
DA:32,4
DA:36,4
DA:39,1
DA:40,4
DA:42,4
DA:44,4
LF:12
LH:12
BRF:0
BRH:0
end_of_record
TN:
SF:src\components\SearchBar.css
FNF:0
FNH:0
LF:0
LH:0
BRF:0
BRH:0
end_of_record
TN:
SF:src\components\SearchBar.tsx
FN:10,(anonymous_0)
FN:13,(anonymous_1)
FN:20,(anonymous_2)
FN:30,(anonymous_3)
FNF:4
FNH:4
FNDA:73,(anonymous_0)
FNDA:7,(anonymous_1)
FNDA:2,(anonymous_2)
FNDA:46,(anonymous_3)
DA:10,2
DA:11,73
DA:13,73
DA:14,7
DA:15,7
DA:16,7
DA:20,73
DA:21,2
DA:22,2
DA:25,73
DA:30,46
LF:11
LH:11
BRDA:15,0,0,7
BRDA:15,0,1,0
BRDA:34,1,0,73
BRDA:34,1,1,66
BRDA:35,2,0,7
BRDA:35,2,1,66
BRF:6
BRH:5
end_of_record
TN:
SF:src\components\WeatherCard.css
FNF:0
FNH:0
LF:0
LH:0
BRF:0
BRH:0
end_of_record
TN:
SF:src\components\WeatherCard.tsx
FN:11,(anonymous_0)
FN:23,(anonymous_1)
FNF:2
FNH:2
FNDA:8,(anonymous_0)
FNDA:8,(anonymous_1)
DA:11,2
DA:12,8
DA:13,5
DA:14,2
DA:15,2
DA:16,2
DA:17,1
DA:18,1
DA:19,1
DA:20,1
DA:23,2
DA:24,8
LF:12
LH:12
BRDA:12,0,0,3
BRDA:12,0,1,5
BRDA:13,1,0,3
BRDA:13,1,1,2
BRDA:13,2,0,5
BRDA:13,2,1,5
BRDA:14,3,0,0
BRDA:14,3,1,2
BRDA:14,4,0,2
BRDA:14,4,1,2
BRDA:15,5,0,0
BRDA:15,5,1,2
BRDA:15,6,0,2
BRDA:15,6,1,2
BRDA:16,7,0,1
BRDA:16,7,1,1
BRDA:16,8,0,2
BRDA:16,8,1,2
BRDA:17,9,0,0
BRDA:17,9,1,1
BRDA:17,10,0,1
BRDA:17,10,1,1
BRDA:18,11,0,0
BRDA:18,11,1,1
BRDA:18,12,0,1
BRDA:18,12,1,1
BRDA:19,13,0,0
BRDA:19,13,1,1
BRDA:19,14,0,1
BRDA:19,14,1,1
BRF:30
BRH:25
end_of_record
TN:
SF:src\services\api.ts
FN:14,(anonymous_0)
FN:38,(anonymous_1)
FNF:2
FNH:2
FNDA:3,(anonymous_0)
FNDA:3,(anonymous_1)
DA:14,1
DA:15,3
DA:16,3
DA:19,2
DA:21,2
DA:22,1
DA:25,1
DA:26,1
DA:33,1
DA:34,1
DA:38,1
DA:39,3
DA:40,3
DA:43,2
DA:45,2
DA:46,1
DA:49,1
DA:55,1
DA:56,1
LF:19
LH:19
BRDA:21,0,0,1
BRDA:21,0,1,1
BRDA:21,1,0,2
BRDA:21,1,1,2
BRDA:45,2,0,1
BRDA:45,2,1,1
BRF:6
BRH:6
end_of_record
